<?xml version="1.0" encoding="UTF-8"?>
<!-- Generated by org.testng.reporters.JUnitXMLReporter -->
<testsuite ignored="0" hostname="101lap12320" failures="1" tests="10" name="Test" time="4.378" errors="0" timestamp="2020-10-30T00:03:57 GMT+02:00">
  <testcase classname="APIPackage.APITesting.ExplorePopularPlace" name="ValidateReponseCode" time="0.005"/>
  <testcase classname="APIPackage.APITesting.ExplorePopularPlace" name="validateNumberOfPlaces" time="0.493"/>
  <testcase classname="APIPackage.APITesting.ExplorePopularPlace" name="ValidateReponseTime" time="0.001"/>
  <testcase classname="APIPackage.APITesting.ExplorePopularPlace" name="ValidateCurrentLocation" time="0.013"/>
  <testcase classname="APIPackage.APITesting.ExplorePopularPlace" name="ValidatePlacesCategory" time="0.032">
    <failure type="java.lang.AssertionError" message="expected [true] but found [false]">
      <![CDATA[java.lang.AssertionError: expected [true] but found [false]
at APIPackage.APITesting.ExplorePopularPlace.ValidatePlacesCategory(ExplorePopularPlace.java:85)
at java.base/java.util.ArrayList.forEach(ArrayList.java:1507)
... Removed 31 stack frames]]>
    </failure>
  </testcase> <!-- ValidatePlacesCategory -->
  <testcase classname="APIPackage.APITesting.ExplorePopularPlace" name="ValidatePlacesIsExist" time="0.203"/>
  <testcase classname="APIPackage.APITesting.PlaceCategory" name="ValidateReponseCode" time="0.0"/>
  <testcase classname="APIPackage.APITesting.PlaceCategory" name="ValidateReponseTime" time="0.001"/>
  <testcase classname="APIPackage.APITesting.PlaceCategory" name="validateNumberOfPlaces" time="0.029"/>
  <testcase classname="APIPackage.APITesting.PlaceCategory" name="ValidateHostelCategoryIsExist" time="0.623"/>
</testsuite> <!-- Test -->
