<?xml version="1.0" encoding="UTF-8"?>
<testng-results ignored="0" total="10" passed="9" failed="1" skipped="0">
  <reporter-output>
  </reporter-output>
  <suite started-at="2020-10-30T00:03:53 GMT+02:00" name="Suite" finished-at="2020-10-30T00:03:57 GMT+02:00" duration-ms="4378">
    <groups>
    </groups>
    <test started-at="2020-10-30T00:03:53 GMT+02:00" name="Test" finished-at="2020-10-30T00:03:57 GMT+02:00" duration-ms="4378">
      <class name="APIPackage.APITesting.PlaceCategory">
        <test-method is-config="true" signature="GetResponseBody()[pri:0, instance:APIPackage.APITesting.PlaceCategory@163e4e87]" started-at="2020-10-30T00:03:55 GMT+02:00" name="GetResponseBody" finished-at="2020-10-30T00:03:56 GMT+02:00" duration-ms="685" status="PASS">
          <reporter-output>
          </reporter-output>
        </test-method> <!-- GetResponseBody -->
        <test-method signature="ValidateReponseCode()[pri:0, instance:APIPackage.APITesting.PlaceCategory@163e4e87]" started-at="2020-10-30T00:03:57 GMT+02:00" name="ValidateReponseCode" finished-at="2020-10-30T00:03:57 GMT+02:00" duration-ms="0" status="PASS">
          <reporter-output>
          </reporter-output>
        </test-method> <!-- ValidateReponseCode -->
        <test-method signature="ValidateReponseTime()[pri:0, instance:APIPackage.APITesting.PlaceCategory@163e4e87]" started-at="2020-10-30T00:03:57 GMT+02:00" name="ValidateReponseTime" finished-at="2020-10-30T00:03:57 GMT+02:00" duration-ms="1" status="PASS">
          <reporter-output>
          </reporter-output>
        </test-method> <!-- ValidateReponseTime -->
        <test-method signature="validateNumberOfPlaces()[pri:0, instance:APIPackage.APITesting.PlaceCategory@163e4e87]" started-at="2020-10-30T00:03:57 GMT+02:00" name="validateNumberOfPlaces" finished-at="2020-10-30T00:03:57 GMT+02:00" duration-ms="29" status="PASS">
          <reporter-output>
          </reporter-output>
        </test-method> <!-- validateNumberOfPlaces -->
        <test-method signature="ValidateHostelCategoryIsExist()[pri:0, instance:APIPackage.APITesting.PlaceCategory@163e4e87]" started-at="2020-10-30T00:03:57 GMT+02:00" name="ValidateHostelCategoryIsExist" finished-at="2020-10-30T00:03:57 GMT+02:00" depends-on-methods="APIPackage.APITesting.PlaceCategory.validateNumberOfPlaces" duration-ms="623" status="PASS">
          <reporter-output>
          </reporter-output>
        </test-method> <!-- ValidateHostelCategoryIsExist -->
      </class> <!-- APIPackage.APITesting.PlaceCategory -->
      <class name="APIPackage.APITesting.ExplorePopularPlace">
        <test-method is-config="true" signature="Init()[pri:0, instance:APIPackage.APITesting.ExplorePopularPlace@2bbf180e]" started-at="2020-10-30T00:03:53 GMT+02:00" name="Init" finished-at="2020-10-30T00:03:55 GMT+02:00" duration-ms="2257" status="PASS">
          <reporter-output>
          </reporter-output>
        </test-method> <!-- Init -->
        <test-method signature="ValidateReponseCode()[pri:0, instance:APIPackage.APITesting.ExplorePopularPlace@2bbf180e]" started-at="2020-10-30T00:03:56 GMT+02:00" name="ValidateReponseCode" finished-at="2020-10-30T00:03:56 GMT+02:00" duration-ms="5" status="PASS">
          <reporter-output>
          </reporter-output>
        </test-method> <!-- ValidateReponseCode -->
        <test-method signature="validateNumberOfPlaces()[pri:0, instance:APIPackage.APITesting.ExplorePopularPlace@2bbf180e]" started-at="2020-10-30T00:03:56 GMT+02:00" name="validateNumberOfPlaces" finished-at="2020-10-30T00:03:57 GMT+02:00" duration-ms="493" status="PASS">
          <reporter-output>
          </reporter-output>
        </test-method> <!-- validateNumberOfPlaces -->
        <test-method signature="ValidateReponseTime()[pri:0, instance:APIPackage.APITesting.ExplorePopularPlace@2bbf180e]" started-at="2020-10-30T00:03:57 GMT+02:00" name="ValidateReponseTime" finished-at="2020-10-30T00:03:57 GMT+02:00" duration-ms="1" status="PASS">
          <reporter-output>
          </reporter-output>
        </test-method> <!-- ValidateReponseTime -->
        <test-method signature="ValidateCurrentLocation()[pri:0, instance:APIPackage.APITesting.ExplorePopularPlace@2bbf180e]" started-at="2020-10-30T00:03:57 GMT+02:00" name="ValidateCurrentLocation" finished-at="2020-10-30T00:03:57 GMT+02:00" depends-on-methods="APIPackage.APITesting.ExplorePopularPlace.validateNumberOfPlaces" duration-ms="13" status="PASS">
          <reporter-output>
          </reporter-output>
        </test-method> <!-- ValidateCurrentLocation -->
        <test-method signature="ValidatePlacesCategory()[pri:0, instance:APIPackage.APITesting.ExplorePopularPlace@2bbf180e]" started-at="2020-10-30T00:03:57 GMT+02:00" name="ValidatePlacesCategory" finished-at="2020-10-30T00:03:57 GMT+02:00" depends-on-methods="APIPackage.APITesting.ExplorePopularPlace.validateNumberOfPlaces" duration-ms="32" status="FAIL">
          <exception class="java.lang.AssertionError">
            <message>
              <![CDATA[expected [true] but found [false]]]>
            </message>
            <full-stacktrace>
              <![CDATA[java.lang.AssertionError: expected [true] but found [false]
at org.testng.Assert.fail(Assert.java:97)
at org.testng.Assert.failNotEquals(Assert.java:969)
at org.testng.Assert.assertTrue(Assert.java:43)
at org.testng.Assert.assertTrue(Assert.java:53)
at APIPackage.APITesting.ExplorePopularPlace.ValidatePlacesCategory(ExplorePopularPlace.java:85)
at java.base/jdk.internal.reflect.NativeMethodAccessorImpl.invoke0(Native Method)
at java.base/jdk.internal.reflect.NativeMethodAccessorImpl.invoke(NativeMethodAccessorImpl.java:62)
at java.base/jdk.internal.reflect.DelegatingMethodAccessorImpl.invoke(DelegatingMethodAccessorImpl.java:43)
at java.base/java.lang.reflect.Method.invoke(Method.java:567)
at org.testng.internal.MethodInvocationHelper.invokeMethod(MethodInvocationHelper.java:134)
at org.testng.internal.TestInvoker.invokeMethod(TestInvoker.java:597)
at org.testng.internal.TestInvoker.invokeTestMethod(TestInvoker.java:173)
at org.testng.internal.MethodRunner.runInSequence(MethodRunner.java:46)
at org.testng.internal.TestInvoker$MethodInvocationAgent.invoke(TestInvoker.java:816)
at org.testng.internal.TestInvoker.invokeTestMethods(TestInvoker.java:146)
at org.testng.internal.TestMethodWorker.invokeTestMethods(TestMethodWorker.java:146)
at org.testng.internal.TestMethodWorker.run(TestMethodWorker.java:128)
at java.base/java.util.ArrayList.forEach(ArrayList.java:1507)
at org.testng.TestRunner.privateRun(TestRunner.java:766)
at org.testng.TestRunner.run(TestRunner.java:587)
at org.testng.SuiteRunner.runTest(SuiteRunner.java:384)
at org.testng.SuiteRunner.runSequentially(SuiteRunner.java:378)
at org.testng.SuiteRunner.privateRun(SuiteRunner.java:337)
at org.testng.SuiteRunner.run(SuiteRunner.java:286)
at org.testng.SuiteRunnerWorker.runSuite(SuiteRunnerWorker.java:53)
at org.testng.SuiteRunnerWorker.run(SuiteRunnerWorker.java:96)
at org.testng.TestNG.runSuitesSequentially(TestNG.java:1187)
at org.testng.TestNG.runSuitesLocally(TestNG.java:1109)
at org.testng.TestNG.runSuites(TestNG.java:1039)
at org.testng.TestNG.run(TestNG.java:1007)
at org.testng.remote.AbstractRemoteTestNG.run(AbstractRemoteTestNG.java:115)
at org.testng.remote.RemoteTestNG.initAndRun(RemoteTestNG.java:251)
at org.testng.remote.RemoteTestNG.main(RemoteTestNG.java:77)
]]>
            </full-stacktrace>
          </exception> <!-- java.lang.AssertionError -->
          <reporter-output>
          </reporter-output>
        </test-method> <!-- ValidatePlacesCategory -->
        <test-method signature="ValidatePlacesIsExist()[pri:0, instance:APIPackage.APITesting.ExplorePopularPlace@2bbf180e]" started-at="2020-10-30T00:03:57 GMT+02:00" name="ValidatePlacesIsExist" finished-at="2020-10-30T00:03:57 GMT+02:00" depends-on-methods="APIPackage.APITesting.ExplorePopularPlace.validateNumberOfPlaces" duration-ms="203" status="PASS">
          <reporter-output>
          </reporter-output>
        </test-method> <!-- ValidatePlacesIsExist -->
      </class> <!-- APIPackage.APITesting.ExplorePopularPlace -->
    </test> <!-- Test -->
  </suite> <!-- Suite -->
</testng-results>
